#-----------------------------------------------------------
# Vivado v2018.2 (64-bit)
# SW Build 2258646 on Thu Jun 14 20:03:12 MDT 2018
# IP Build 2256618 on Thu Jun 14 22:10:49 MDT 2018
# Start of session at: Thu Dec 26 14:58:54 2019
# Process ID: 10680
# Current directory: E:/WorkSpace/project/FPGA/prj_sc4236_64M15fps/prj_sc4236_64M15fps
# Command line: vivado.exe -gui_launcher_event rodinguilauncherevent11772 E:\WorkSpace\project\FPGA\prj_sc4236_64M15fps\prj_sc4236_64M15fps\prj_sc4236_64M15fps.xpr
# Log file: E:/WorkSpace/project/FPGA/prj_sc4236_64M15fps/prj_sc4236_64M15fps/vivado.log
# Journal file: E:/WorkSpace/project/FPGA/prj_sc4236_64M15fps/prj_sc4236_64M15fps\vivado.jou
#-----------------------------------------------------------
INFO: [Common 17-748] XILINX_TCLAPP_REPO is set to 'D:/Xilinx/Vivado/2018.1/data/XilinxTclStore'. Refresh XilinxTclStore catalog is disabled when XILINX_TCLAPP_REPO is set.
start_gui
open_project E:/WorkSpace/project/FPGA/prj_sc4236_64M15fps/prj_sc4236_64M15fps/prj_sc4236_64M15fps.xpr
CRITICAL WARNING: [Project 1-19] Could not find the file 'E:/WorkSpace/project/FPGA_backup/prj_sc4236_64M15fps/prj_sc030_V2.0_emmc/prj_ocr/prj_ocr.srcs/sources_1/ip/SC30_0/SC30_0.upgrade_log'.
Scanning sources...
Finished scanning sources
INFO: [IP_Flow 19-234] Refreshing IP repositories
INFO: [IP_Flow 19-1700] Loaded user IP repository 'e:/WorkSpace/ip'.
INFO: [IP_Flow 19-2313] Loaded Vivado IP repository 'D:/Xilinx/Vivado/2018.2/data/ip'.
WARNING: [IP_Flow 19-3664] IP 'design_1_processing_system7_0_0' generated file not found 'e:/WorkSpace/project/FPGA/prj_sc4236_64M15fps/prj_sc4236_64M15fps/prj_sc4236_64M15fps.srcs/sources_1/bd/design_1/ip/design_1_processing_system7_0_0/sim/libps7.so'. Please regenerate to continue.
WARNING: [IP_Flow 19-3664] IP 'design_1_processing_system7_0_0' generated file not found 'e:/WorkSpace/project/FPGA/prj_sc4236_64M15fps/prj_sc4236_64M15fps/prj_sc4236_64M15fps.srcs/sources_1/bd/design_1/ip/design_1_processing_system7_0_0/sim/libremoteport.so'. Please regenerate to continue.
WARNING: [IP_Flow 19-2162] IP 'sobel_filter_1' is locked:
* IP definition 'sobel_filter (1.0)' for IP 'sobel_filter_1' (customized with software release 2018.2) was not found in the IP Catalog.
Please select 'Report IP Status' from the 'Tools/Report' menu or run Tcl command 'report_ip_status' for more information.
WARNING: [IP_Flow 19-2162] IP 'sobel_filter_0' is locked:
* IP definition 'sobel_filter (1.0)' for IP 'sobel_filter_0' (customized with software release 2018.2) was not found in the IP Catalog.
Please select 'Report IP Status' from the 'Tools/Report' menu or run Tcl command 'report_ip_status' for more information.
WARNING: [IP_Flow 19-2162] IP 'hls_ocr_1' is locked:
* IP definition 'hls_ocr (1.0)' for IP 'hls_ocr_1' (customized with software release 2018.1) was not found in the IP Catalog.
Please select 'Report IP Status' from the 'Tools/Report' menu or run Tcl command 'report_ip_status' for more information.
WARNING: [IP_Flow 19-2162] IP 'hls_ocr_0' is locked:
* IP definition 'hls_ocr (1.0)' for IP 'hls_ocr_0' (customized with software release 2018.1) was not found in the IP Catalog.
Please select 'Report IP Status' from the 'Tools/Report' menu or run Tcl command 'report_ip_status' for more information.
WARNING: [IP_Flow 19-2162] IP 'sobel_filter_2' is locked:
* IP definition 'sobel_filter (1.0)' for IP 'sobel_filter_2' (customized with software release 2018.1) was not found in the IP Catalog.
Please select 'Report IP Status' from the 'Tools/Report' menu or run Tcl command 'report_ip_status' for more information.
open_project: Time (s): cpu = 00:00:28 ; elapsed = 00:00:21 . Memory (MB): peak = 1018.578 ; gain = 265.313
update_compile_order -fileset sources_1
export_ip_user_files -of_objects  [get_files E:/WorkSpace/project/FPGA/prj_sc4236_64M15fps/prj_sc4236_64M15fps/prj_sc4236_64M15fps.srcs/sources_1/new/isp_model.v] -no_script -reset -force -quiet
export_ip_user_files -of_objects  [get_files E:/WorkSpace/project/FPGA/prj_sc4236_64M15fps/prj_sc4236_64M15fps/prj_sc4236_64M15fps.srcs/sources_1/new/maxtri5x5_shift.v] -no_script -reset -force -quiet
export_ip_user_files -of_objects  [get_files E:/WorkSpace/project/FPGA/prj_sc4236_64M15fps/prj_sc4236_64M15fps/prj_sc4236_64M15fps.srcs/sources_1/new/histogram_axis.v] -no_script -reset -force -quiet
export_ip_user_files -of_objects  [get_files E:/WorkSpace/project/FPGA/prj_sc4236_64M15fps/prj_sc4236_64M15fps/prj_sc4236_64M15fps.srcs/sources_1/new/cmos_10bit_2_8bit.v] -no_script -reset -force -quiet
export_ip_user_files -of_objects  [get_files E:/WorkSpace/project/FPGA/prj_sc4236_64M15fps/prj_sc4236_64M15fps/prj_sc4236_64M15fps.srcs/sources_1/new/img_integral.v] -no_script -reset -force -quiet
export_ip_user_files -of_objects  [get_files E:/WorkSpace/project/FPGA/prj_sc4236_64M15fps/prj_sc4236_64M15fps/prj_sc4236_64M15fps.srcs/sources_1/ip/axis_dwidth_converter_0/axis_dwidth_converter_0.xci] -no_script -reset -force -quiet
export_ip_user_files -of_objects  [get_files E:/WorkSpace/project/FPGA/prj_sc4236_64M15fps/prj_sc4236_64M15fps/prj_sc4236_64M15fps.srcs/sources_1/new/dataTo3840.v] -no_script -reset -force -quiet
export_ip_user_files -of_objects  [get_files E:/WorkSpace/project/FPGA/prj_sc4236_64M15fps/prj_sc4236_64M15fps/prj_sc4236_64M15fps.srcs/sources_1/ip/fifo_generator_1/fifo_generator_1.xci] -no_script -reset -force -quiet
export_ip_user_files -of_objects  [get_files E:/WorkSpace/project/FPGA/prj_sc4236_64M15fps/prj_sc4236_64M15fps/prj_sc4236_64M15fps.srcs/sources_1/new/gamma_axis.v] -no_script -reset -force -quiet
export_ip_user_files -of_objects  [get_files E:/WorkSpace/project/FPGA/prj_sc4236_64M15fps/prj_sc4236_64M15fps/prj_sc4236_64M15fps.srcs/sources_1/new/gray_line_conv.v] -no_script -reset -force -quiet
export_ip_user_files -of_objects  [get_files E:/WorkSpace/project/FPGA/prj_sc4236_64M15fps/prj_sc4236_64M15fps/prj_sc4236_64M15fps.srcs/sources_1/ip/hls_ocr_1/hls_ocr_1.xci] -no_script -reset -force -quiet
export_ip_user_files -of_objects  [get_files E:/WorkSpace/project/FPGA/prj_sc4236_64M15fps/prj_sc4236_64M15fps/prj_sc4236_64M15fps.srcs/sources_1/ip/line_shift_ram_0/line_shift_ram_0.xci] -no_script -reset -force -quiet
export_ip_user_files -of_objects  [get_files E:/WorkSpace/project/FPGA/prj_sc4236_64M15fps/prj_sc4236_64M15fps/prj_sc4236_64M15fps.srcs/sources_1/ip/maxtri7x7_shift_ram_0/maxtri7x7_shift_ram_0.xci] -no_script -reset -force -quiet
export_ip_user_files -of_objects  [get_files E:/WorkSpace/project/FPGA/prj_sc4236_64M15fps/prj_sc4236_64M15fps/prj_sc4236_64M15fps.srcs/sources_1/new/shreg.v] -no_script -reset -force -quiet
export_ip_user_files -of_objects  [get_files E:/WorkSpace/project/FPGA/prj_sc4236_64M15fps/prj_sc4236_64M15fps/prj_sc4236_64M15fps.srcs/sources_1/ip/sobel_filter_0/sobel_filter_0.xci] -no_script -reset -force -quiet
export_ip_user_files -of_objects  [get_files E:/WorkSpace/project/FPGA/prj_sc4236_64M15fps/prj_sc4236_64M15fps/prj_sc4236_64M15fps.srcs/sources_1/ip/sobel_filter_1/sobel_filter_1.xci] -no_script -reset -force -quiet
export_ip_user_files -of_objects  [get_files E:/WorkSpace/project/FPGA/prj_sc4236_64M15fps/prj_sc4236_64M15fps/prj_sc4236_64M15fps.srcs/sources_1/new/vga_delay.v] -no_script -reset -force -quiet
export_ip_user_files -of_objects  [get_files E:/WorkSpace/project/FPGA/prj_sc4236_64M15fps/prj_sc4236_64M15fps/prj_sc4236_64M15fps.srcs/sources_1/new/vga_timing_gen.v] -no_script -reset -force -quiet
export_ip_user_files -of_objects  [get_files E:/WorkSpace/project/FPGA/prj_sc4236_64M15fps/prj_sc4236_64M15fps/prj_sc4236_64M15fps.srcs/sources_1/new/vga_timing_get.v] -no_script -reset -force -quiet
remove_files  {E:/WorkSpace/project/FPGA/prj_sc4236_64M15fps/prj_sc4236_64M15fps/prj_sc4236_64M15fps.srcs/sources_1/new/isp_model.v E:/WorkSpace/project/FPGA/prj_sc4236_64M15fps/prj_sc4236_64M15fps/prj_sc4236_64M15fps.srcs/sources_1/new/maxtri5x5_shift.v E:/WorkSpace/project/FPGA/prj_sc4236_64M15fps/prj_sc4236_64M15fps/prj_sc4236_64M15fps.srcs/sources_1/new/histogram_axis.v E:/WorkSpace/project/FPGA/prj_sc4236_64M15fps/prj_sc4236_64M15fps/prj_sc4236_64M15fps.srcs/sources_1/new/cmos_10bit_2_8bit.v E:/WorkSpace/project/FPGA/prj_sc4236_64M15fps/prj_sc4236_64M15fps/prj_sc4236_64M15fps.srcs/sources_1/new/img_integral.v E:/WorkSpace/project/FPGA/prj_sc4236_64M15fps/prj_sc4236_64M15fps/prj_sc4236_64M15fps.srcs/sources_1/ip/axis_dwidth_converter_0/axis_dwidth_converter_0.xci E:/WorkSpace/project/FPGA/prj_sc4236_64M15fps/prj_sc4236_64M15fps/prj_sc4236_64M15fps.srcs/sources_1/new/dataTo3840.v E:/WorkSpace/project/FPGA/prj_sc4236_64M15fps/prj_sc4236_64M15fps/prj_sc4236_64M15fps.srcs/sources_1/ip/fifo_generator_1/fifo_generator_1.xci E:/WorkSpace/project/FPGA/prj_sc4236_64M15fps/prj_sc4236_64M15fps/prj_sc4236_64M15fps.srcs/sources_1/new/gamma_axis.v E:/WorkSpace/project/FPGA/prj_sc4236_64M15fps/prj_sc4236_64M15fps/prj_sc4236_64M15fps.srcs/sources_1/new/gray_line_conv.v E:/WorkSpace/project/FPGA/prj_sc4236_64M15fps/prj_sc4236_64M15fps/prj_sc4236_64M15fps.srcs/sources_1/ip/hls_ocr_1/hls_ocr_1.xci E:/WorkSpace/project/FPGA/prj_sc4236_64M15fps/prj_sc4236_64M15fps/prj_sc4236_64M15fps.srcs/sources_1/ip/line_shift_ram_0/line_shift_ram_0.xci E:/WorkSpace/project/FPGA/prj_sc4236_64M15fps/prj_sc4236_64M15fps/prj_sc4236_64M15fps.srcs/sources_1/ip/maxtri7x7_shift_ram_0/maxtri7x7_shift_ram_0.xci E:/WorkSpace/project/FPGA/prj_sc4236_64M15fps/prj_sc4236_64M15fps/prj_sc4236_64M15fps.srcs/sources_1/new/shreg.v E:/WorkSpace/project/FPGA/prj_sc4236_64M15fps/prj_sc4236_64M15fps/prj_sc4236_64M15fps.srcs/sources_1/ip/sobel_filter_0/sobel_filter_0.xci E:/WorkSpace/project/FPGA/prj_sc4236_64M15fps/prj_sc4236_64M15fps/prj_sc4236_64M15fps.srcs/sources_1/ip/sobel_filter_1/sobel_filter_1.xci E:/WorkSpace/project/FPGA/prj_sc4236_64M15fps/prj_sc4236_64M15fps/prj_sc4236_64M15fps.srcs/sources_1/new/vga_delay.v E:/WorkSpace/project/FPGA/prj_sc4236_64M15fps/prj_sc4236_64M15fps/prj_sc4236_64M15fps.srcs/sources_1/new/vga_timing_gen.v E:/WorkSpace/project/FPGA/prj_sc4236_64M15fps/prj_sc4236_64M15fps/prj_sc4236_64M15fps.srcs/sources_1/new/vga_timing_get.v}
file delete -force E:/WorkSpace/project/FPGA/prj_sc4236_64M15fps/prj_sc4236_64M15fps/prj_sc4236_64M15fps.srcs/sources_1/new/isp_model.v E:/WorkSpace/project/FPGA/prj_sc4236_64M15fps/prj_sc4236_64M15fps/prj_sc4236_64M15fps.srcs/sources_1/new/maxtri5x5_shift.v E:/WorkSpace/project/FPGA/prj_sc4236_64M15fps/prj_sc4236_64M15fps/prj_sc4236_64M15fps.srcs/sources_1/new/histogram_axis.v E:/WorkSpace/project/FPGA/prj_sc4236_64M15fps/prj_sc4236_64M15fps/prj_sc4236_64M15fps.srcs/sources_1/new/cmos_10bit_2_8bit.v E:/WorkSpace/project/FPGA/prj_sc4236_64M15fps/prj_sc4236_64M15fps/prj_sc4236_64M15fps.srcs/sources_1/new/img_integral.v E:/WorkSpace/project/FPGA/prj_sc4236_64M15fps/prj_sc4236_64M15fps/prj_sc4236_64M15fps.srcs/sources_1/ip/axis_dwidth_converter_0 E:/WorkSpace/project/FPGA/prj_sc4236_64M15fps/prj_sc4236_64M15fps/prj_sc4236_64M15fps.srcs/sources_1/new/dataTo3840.v E:/WorkSpace/project/FPGA/prj_sc4236_64M15fps/prj_sc4236_64M15fps/prj_sc4236_64M15fps.srcs/sources_1/ip/fifo_generator_1 E:/WorkSpace/project/FPGA/prj_sc4236_64M15fps/prj_sc4236_64M15fps/prj_sc4236_64M15fps.srcs/sources_1/new/gamma_axis.v E:/WorkSpace/project/FPGA/prj_sc4236_64M15fps/prj_sc4236_64M15fps/prj_sc4236_64M15fps.srcs/sources_1/new/gray_line_conv.v E:/WorkSpace/project/FPGA/prj_sc4236_64M15fps/prj_sc4236_64M15fps/prj_sc4236_64M15fps.srcs/sources_1/ip/hls_ocr_1 E:/WorkSpace/project/FPGA/prj_sc4236_64M15fps/prj_sc4236_64M15fps/prj_sc4236_64M15fps.srcs/sources_1/ip/line_shift_ram_0 E:/WorkSpace/project/FPGA/prj_sc4236_64M15fps/prj_sc4236_64M15fps/prj_sc4236_64M15fps.srcs/sources_1/ip/maxtri7x7_shift_ram_0 E:/WorkSpace/project/FPGA/prj_sc4236_64M15fps/prj_sc4236_64M15fps/prj_sc4236_64M15fps.srcs/sources_1/new/shreg.v E:/WorkSpace/project/FPGA/prj_sc4236_64M15fps/prj_sc4236_64M15fps/prj_sc4236_64M15fps.srcs/sources_1/ip/sobel_filter_0 E:/WorkSpace/project/FPGA/prj_sc4236_64M15fps/prj_sc4236_64M15fps/prj_sc4236_64M15fps.srcs/sources_1/ip/sobel_filter_1 E:/WorkSpace/project/FPGA/prj_sc4236_64M15fps/prj_sc4236_64M15fps/prj_sc4236_64M15fps.srcs/sources_1/new/vga_delay.v E:/WorkSpace/project/FPGA/prj_sc4236_64M15fps/prj_sc4236_64M15fps/prj_sc4236_64M15fps.srcs/sources_1/new/vga_timing_gen.v E:/WorkSpace/project/FPGA/prj_sc4236_64M15fps/prj_sc4236_64M15fps/prj_sc4236_64M15fps.srcs/sources_1/new/vga_timing_get.v
export_ip_user_files -of_objects  [get_files E:/WorkSpace/project/FPGA/prj_sc4236_64M15fps/prj_sc4236_64M15fps/prj_sc4236_64M15fps.srcs/sources_1/ip/fifo_generator_2/fifo_generator_2.xci] -no_script -reset -force -quiet
remove_files  -fileset fifo_generator_2 E:/WorkSpace/project/FPGA/prj_sc4236_64M15fps/prj_sc4236_64M15fps/prj_sc4236_64M15fps.srcs/sources_1/ip/fifo_generator_2/fifo_generator_2.xci
INFO: [Project 1-386] Moving file 'E:/WorkSpace/project/FPGA/prj_sc4236_64M15fps/prj_sc4236_64M15fps/prj_sc4236_64M15fps.srcs/sources_1/ip/fifo_generator_2/fifo_generator_2.xci' from fileset 'fifo_generator_2' to fileset 'sources_1'.
file delete -force E:/WorkSpace/project/FPGA/prj_sc4236_64M15fps/prj_sc4236_64M15fps/prj_sc4236_64M15fps.srcs/sources_1/ip/fifo_generator_2
export_ip_user_files -of_objects  [get_files E:/WorkSpace/project/FPGA/prj_sc4236_64M15fps/prj_sc4236_64M15fps/prj_sc4236_64M15fps.srcs/sources_1/ip/hls_ocr_0/hls_ocr_0.xci] -no_script -reset -force -quiet
remove_files  -fileset hls_ocr_0 E:/WorkSpace/project/FPGA/prj_sc4236_64M15fps/prj_sc4236_64M15fps/prj_sc4236_64M15fps.srcs/sources_1/ip/hls_ocr_0/hls_ocr_0.xci
INFO: [Project 1-386] Moving file 'E:/WorkSpace/project/FPGA/prj_sc4236_64M15fps/prj_sc4236_64M15fps/prj_sc4236_64M15fps.srcs/sources_1/ip/hls_ocr_0/hls_ocr_0.xci' from fileset 'hls_ocr_0' to fileset 'sources_1'.
file delete -force E:/WorkSpace/project/FPGA/prj_sc4236_64M15fps/prj_sc4236_64M15fps/prj_sc4236_64M15fps.srcs/sources_1/ip/hls_ocr_0
export_ip_user_files -of_objects  [get_files E:/WorkSpace/project/FPGA/prj_sc4236_64M15fps/prj_sc4236_64M15fps/prj_sc4236_64M15fps.srcs/sources_1/ip/sobel_filter_2/sobel_filter_2.xci] -no_script -reset -force -quiet
remove_files  -fileset sobel_filter_2 E:/WorkSpace/project/FPGA/prj_sc4236_64M15fps/prj_sc4236_64M15fps/prj_sc4236_64M15fps.srcs/sources_1/ip/sobel_filter_2/sobel_filter_2.xci
INFO: [Project 1-386] Moving file 'E:/WorkSpace/project/FPGA/prj_sc4236_64M15fps/prj_sc4236_64M15fps/prj_sc4236_64M15fps.srcs/sources_1/ip/sobel_filter_2/sobel_filter_2.xci' from fileset 'sobel_filter_2' to fileset 'sources_1'.
file delete -force E:/WorkSpace/project/FPGA/prj_sc4236_64M15fps/prj_sc4236_64M15fps/prj_sc4236_64M15fps.srcs/sources_1/ip/sobel_filter_2
export_ip_user_files -of_objects  [get_files E:/WorkSpace/project/FPGA/prj_sc4236_64M15fps/prj_sc4236_64M15fps/prj_sc4236_64M15fps.srcs/sources_1/ip/v_gamma_0/v_gamma_0.xci] -no_script -reset -force -quiet
remove_files  -fileset v_gamma_0 E:/WorkSpace/project/FPGA/prj_sc4236_64M15fps/prj_sc4236_64M15fps/prj_sc4236_64M15fps.srcs/sources_1/ip/v_gamma_0/v_gamma_0.xci
INFO: [Project 1-386] Moving file 'E:/WorkSpace/project/FPGA/prj_sc4236_64M15fps/prj_sc4236_64M15fps/prj_sc4236_64M15fps.srcs/sources_1/ip/v_gamma_0/v_gamma_0.xci' from fileset 'v_gamma_0' to fileset 'sources_1'.
file delete -force E:/WorkSpace/project/FPGA/prj_sc4236_64M15fps/prj_sc4236_64M15fps/prj_sc4236_64M15fps.srcs/sources_1/ip/v_gamma_0
export_ip_user_files -of_objects  [get_files E:/WorkSpace/project/FPGA/prj_sc4236_64M15fps/prj_sc4236_64M15fps/prj_sc4236_64M15fps.srcs/sources_1/ip/v_tc_0/v_tc_0.xci] -no_script -reset -force -quiet
remove_files  -fileset v_tc_0 E:/WorkSpace/project/FPGA/prj_sc4236_64M15fps/prj_sc4236_64M15fps/prj_sc4236_64M15fps.srcs/sources_1/ip/v_tc_0/v_tc_0.xci
INFO: [Project 1-386] Moving file 'E:/WorkSpace/project/FPGA/prj_sc4236_64M15fps/prj_sc4236_64M15fps/prj_sc4236_64M15fps.srcs/sources_1/ip/v_tc_0/v_tc_0.xci' from fileset 'v_tc_0' to fileset 'sources_1'.
file delete -force E:/WorkSpace/project/FPGA/prj_sc4236_64M15fps/prj_sc4236_64M15fps/prj_sc4236_64M15fps.srcs/sources_1/ip/v_tc_0
export_ip_user_files -of_objects  [get_files E:/WorkSpace/project/FPGA/prj_sc4236_64M15fps/prj_sc4236_64M15fps/prj_sc4236_64M15fps.srcs/sources_1/new/maxtri3x3.v] -no_script -reset -force -quiet
remove_files  E:/WorkSpace/project/FPGA/prj_sc4236_64M15fps/prj_sc4236_64M15fps/prj_sc4236_64M15fps.srcs/sources_1/new/maxtri3x3.v
file delete -force E:/WorkSpace/project/FPGA/prj_sc4236_64M15fps/prj_sc4236_64M15fps/prj_sc4236_64M15fps.srcs/sources_1/new/maxtri3x3.v
export_ip_user_files -of_objects  [get_files E:/WorkSpace/project/FPGA/prj_sc4236_64M15fps/prj_sc4236_64M15fps/prj_sc4236_64M15fps.srcs/sources_1/new/maxtri_timing_get.v] -no_script -reset -force -quiet
remove_files  E:/WorkSpace/project/FPGA/prj_sc4236_64M15fps/prj_sc4236_64M15fps/prj_sc4236_64M15fps.srcs/sources_1/new/maxtri_timing_get.v
file delete -force E:/WorkSpace/project/FPGA/prj_sc4236_64M15fps/prj_sc4236_64M15fps/prj_sc4236_64M15fps.srcs/sources_1/new/maxtri_timing_get.v
export_ip_user_files -of_objects  [get_files E:/WorkSpace/project/FPGA/prj_sc4236_64M15fps/prj_sc4236_64M15fps/prj_sc4236_64M15fps.srcs/sources_1/new/histogram.v] -no_script -reset -force -quiet
remove_files  E:/WorkSpace/project/FPGA/prj_sc4236_64M15fps/prj_sc4236_64M15fps/prj_sc4236_64M15fps.srcs/sources_1/new/histogram.v
file delete -force E:/WorkSpace/project/FPGA/prj_sc4236_64M15fps/prj_sc4236_64M15fps/prj_sc4236_64M15fps.srcs/sources_1/new/histogram.v
export_ip_user_files -of_objects  [get_files E:/WorkSpace/project/FPGA/prj_sc4236_64M15fps/prj_sc4236_64M15fps/prj_sc4236_64M15fps.srcs/sources_1/ip/blk_mem_gen_0/blk_mem_gen_0.xci] -no_script -reset -force -quiet
remove_files  -fileset blk_mem_gen_0 E:/WorkSpace/project/FPGA/prj_sc4236_64M15fps/prj_sc4236_64M15fps/prj_sc4236_64M15fps.srcs/sources_1/ip/blk_mem_gen_0/blk_mem_gen_0.xci
INFO: [Project 1-386] Moving file 'E:/WorkSpace/project/FPGA/prj_sc4236_64M15fps/prj_sc4236_64M15fps/prj_sc4236_64M15fps.srcs/sources_1/ip/blk_mem_gen_0/blk_mem_gen_0.xci' from fileset 'blk_mem_gen_0' to fileset 'sources_1'.
file delete -force E:/WorkSpace/project/FPGA/prj_sc4236_64M15fps/prj_sc4236_64M15fps/prj_sc4236_64M15fps.srcs/sources_1/ip/blk_mem_gen_0
export_ip_user_files -of_objects  [get_files E:/WorkSpace/project/FPGA/prj_sc4236_64M15fps/prj_sc4236_64M15fps/prj_sc4236_64M15fps.srcs/sources_1/ip/cmos10bit_2_8bit_BROM/cmos10bit_2_8bit_BROM.xci] -no_script -reset -force -quiet
remove_files  -fileset cmos10bit_2_8bit_BROM E:/WorkSpace/project/FPGA/prj_sc4236_64M15fps/prj_sc4236_64M15fps/prj_sc4236_64M15fps.srcs/sources_1/ip/cmos10bit_2_8bit_BROM/cmos10bit_2_8bit_BROM.xci
INFO: [Project 1-386] Moving file 'E:/WorkSpace/project/FPGA/prj_sc4236_64M15fps/prj_sc4236_64M15fps/prj_sc4236_64M15fps.srcs/sources_1/ip/cmos10bit_2_8bit_BROM/cmos10bit_2_8bit_BROM.xci' from fileset 'cmos10bit_2_8bit_BROM' to fileset 'sources_1'.
file delete -force E:/WorkSpace/project/FPGA/prj_sc4236_64M15fps/prj_sc4236_64M15fps/prj_sc4236_64M15fps.srcs/sources_1/ip/cmos10bit_2_8bit_BROM
export_ip_user_files -of_objects  [get_files E:/WorkSpace/project/FPGA/prj_sc4236_64M15fps/prj_sc4236_64M15fps/prj_sc4236_64M15fps.srcs/sources_1/new/cmos_dpc.v] -no_script -reset -force -quiet
remove_files  E:/WorkSpace/project/FPGA/prj_sc4236_64M15fps/prj_sc4236_64M15fps/prj_sc4236_64M15fps.srcs/sources_1/new/cmos_dpc.v
file delete -force E:/WorkSpace/project/FPGA/prj_sc4236_64M15fps/prj_sc4236_64M15fps/prj_sc4236_64M15fps.srcs/sources_1/new/cmos_dpc.v
export_ip_user_files -of_objects  [get_files E:/WorkSpace/project/FPGA/prj_sc4236_64M15fps/prj_sc4236_64M15fps/prj_sc4236_64M15fps.srcs/sources_1/ip/fifo_line/fifo_line.xci] -no_script -reset -force -quiet
remove_files  -fileset fifo_line E:/WorkSpace/project/FPGA/prj_sc4236_64M15fps/prj_sc4236_64M15fps/prj_sc4236_64M15fps.srcs/sources_1/ip/fifo_line/fifo_line.xci
INFO: [Project 1-386] Moving file 'E:/WorkSpace/project/FPGA/prj_sc4236_64M15fps/prj_sc4236_64M15fps/prj_sc4236_64M15fps.srcs/sources_1/ip/fifo_line/fifo_line.xci' from fileset 'fifo_line' to fileset 'sources_1'.
file delete -force E:/WorkSpace/project/FPGA/prj_sc4236_64M15fps/prj_sc4236_64M15fps/prj_sc4236_64M15fps.srcs/sources_1/ip/fifo_line
export_ip_user_files -of_objects  [get_files E:/WorkSpace/project/FPGA/prj_sc4236_64M15fps/prj_sc4236_64M15fps/prj_sc4236_64M15fps.srcs/sources_1/new/gaus_filter.v] -no_script -reset -force -quiet
remove_files  E:/WorkSpace/project/FPGA/prj_sc4236_64M15fps/prj_sc4236_64M15fps/prj_sc4236_64M15fps.srcs/sources_1/new/gaus_filter.v
file delete -force E:/WorkSpace/project/FPGA/prj_sc4236_64M15fps/prj_sc4236_64M15fps/prj_sc4236_64M15fps.srcs/sources_1/new/gaus_filter.v
export_ip_user_files -of_objects  [get_files E:/WorkSpace/project/FPGA/prj_sc4236_64M15fps/prj_sc4236_64M15fps/prj_sc4236_64M15fps.srcs/sources_1/new/gaus_sharp.v] -no_script -reset -force -quiet
remove_files  E:/WorkSpace/project/FPGA/prj_sc4236_64M15fps/prj_sc4236_64M15fps/prj_sc4236_64M15fps.srcs/sources_1/new/gaus_sharp.v
file delete -force E:/WorkSpace/project/FPGA/prj_sc4236_64M15fps/prj_sc4236_64M15fps/prj_sc4236_64M15fps.srcs/sources_1/new/gaus_sharp.v
export_ip_user_files -of_objects  [get_files E:/WorkSpace/project/FPGA/prj_sc4236_64M15fps/prj_sc4236_64M15fps/prj_sc4236_64M15fps.srcs/sources_1/ip/gray_count_bram/gray_count_bram.xci] -no_script -reset -force -quiet
remove_files  -fileset gray_count_bram E:/WorkSpace/project/FPGA/prj_sc4236_64M15fps/prj_sc4236_64M15fps/prj_sc4236_64M15fps.srcs/sources_1/ip/gray_count_bram/gray_count_bram.xci
INFO: [Project 1-386] Moving file 'E:/WorkSpace/project/FPGA/prj_sc4236_64M15fps/prj_sc4236_64M15fps/prj_sc4236_64M15fps.srcs/sources_1/ip/gray_count_bram/gray_count_bram.xci' from fileset 'gray_count_bram' to fileset 'sources_1'.
file delete -force E:/WorkSpace/project/FPGA/prj_sc4236_64M15fps/prj_sc4236_64M15fps/prj_sc4236_64M15fps.srcs/sources_1/ip/gray_count_bram
export_ip_user_files -of_objects  [get_files E:/WorkSpace/project/FPGA/prj_sc4236_64M15fps/prj_sc4236_64M15fps/prj_sc4236_64M15fps.srcs/sources_1/ip/normalize_bram/normalize_bram.xci] -no_script -reset -force -quiet
export_ip_user_files -of_objects  [get_files E:/WorkSpace/project/FPGA/prj_sc4236_64M15fps/prj_sc4236_64M15fps/prj_sc4236_64M15fps.srcs/sources_1/new/vga_href_delay.v] -no_script -reset -force -quiet
export_ip_user_files -of_objects  [get_files E:/WorkSpace/project/FPGA/prj_sc4236_64M15fps/prj_sc4236_64M15fps/prj_sc4236_64M15fps.srcs/sources_1/new/vga_vsync_delay.v] -no_script -reset -force -quiet
remove_files  {E:/WorkSpace/project/FPGA/prj_sc4236_64M15fps/prj_sc4236_64M15fps/prj_sc4236_64M15fps.srcs/sources_1/ip/normalize_bram/normalize_bram.xci E:/WorkSpace/project/FPGA/prj_sc4236_64M15fps/prj_sc4236_64M15fps/prj_sc4236_64M15fps.srcs/sources_1/new/vga_href_delay.v E:/WorkSpace/project/FPGA/prj_sc4236_64M15fps/prj_sc4236_64M15fps/prj_sc4236_64M15fps.srcs/sources_1/new/vga_vsync_delay.v}
file delete -force E:/WorkSpace/project/FPGA/prj_sc4236_64M15fps/prj_sc4236_64M15fps/prj_sc4236_64M15fps.srcs/sources_1/ip/normalize_bram E:/WorkSpace/project/FPGA/prj_sc4236_64M15fps/prj_sc4236_64M15fps/prj_sc4236_64M15fps.srcs/sources_1/new/vga_href_delay.v E:/WorkSpace/project/FPGA/prj_sc4236_64M15fps/prj_sc4236_64M15fps/prj_sc4236_64M15fps.srcs/sources_1/new/vga_vsync_delay.v
export_ip_user_files -of_objects  [get_files E:/WorkSpace/project/FPGA_backup/prj_sc4236_64M15fps/prj_sc030_V2.0_emmc/prj_ocr/prj_ocr.srcs/sources_1/ip/SC30_0/SC30_0.upgrade_log] -no_script -reset -force -quiet
remove_files  E:/WorkSpace/project/FPGA_backup/prj_sc4236_64M15fps/prj_sc030_V2.0_emmc/prj_ocr/prj_ocr.srcs/sources_1/ip/SC30_0/SC30_0.upgrade_log
reset_run impl_1 -prev_step 
launch_runs impl_1 -to_step write_bitstream -jobs 4
[Thu Dec 26 15:03:56 2019] Launched impl_1...
Run output will be captured here: E:/WorkSpace/project/FPGA/prj_sc4236_64M15fps/prj_sc4236_64M15fps/prj_sc4236_64M15fps.runs/impl_1/runme.log
write_cfgmem  -format bin -size 128 -interface SMAPx32 -loadbit {up 0x00000000 "E:/WorkSpace/project/FPGA/prj_sc4236_64M15fps/prj_sc4236_64M15fps/prj_sc4236_64M15fps.runs/impl_1/top.bit" } -force -disablebitswap -file "E:/WorkSpace/project/FPGA/prj_sc4236_64M15fps/prj_sc4236_64M15fps/prj_sc4236_64M15fps.runs/impl_1/top"
Command: write_cfgmem -format bin -size 128 -interface SMAPx32 -loadbit {up 0x00000000 "E:/WorkSpace/project/FPGA/prj_sc4236_64M15fps/prj_sc4236_64M15fps/prj_sc4236_64M15fps.runs/impl_1/top.bit" } -force -disablebitswap -file E:/WorkSpace/project/FPGA/prj_sc4236_64M15fps/prj_sc4236_64M15fps/prj_sc4236_64M15fps.runs/impl_1/top
Creating config memory files...
INFO: [Writecfgmem 68-23] Start address provided has been multiplied by a factor of 4 due to the use of interface SMAPX32.
Creating bitstream load up from address 0x00000000
Loading bitfile E:/WorkSpace/project/FPGA/prj_sc4236_64M15fps/prj_sc4236_64M15fps/prj_sc4236_64M15fps.runs/impl_1/top.bit
Writing file E:/WorkSpace/project/FPGA/prj_sc4236_64M15fps/prj_sc4236_64M15fps/prj_sc4236_64M15fps.runs/impl_1/top.bin
Writing log file E:/WorkSpace/project/FPGA/prj_sc4236_64M15fps/prj_sc4236_64M15fps/prj_sc4236_64M15fps.runs/impl_1/top.prm
===================================
Configuration Memory information
===================================
File Format        BIN
Interface          SMAPX32
Size               128M
Start Address      0x00000000
End Address        0x07FFFFFF

Addr1         Addr2         Date                    File(s)
0x00000000    0x003DBAFB    Dec 26 15:05:31 2019    E:/WorkSpace/project/FPGA/prj_sc4236_64M15fps/prj_sc4236_64M15fps/prj_sc4236_64M15fps.runs/impl_1/top.bit
1 Infos, 0 Warnings, 0 Critical Warnings and 0 Errors encountered.
write_cfgmem completed successfully
