#-----------------------------------------------------------
# Webtalk v2018.1 (64-bit)
# SW Build 2188600 on Wed Apr  4 18:40:38 MDT 2018
# 
# Start of session at: Fri Jan 11 13:59:13 2019
# Process ID: 19812
# Current directory: E:/WorkSpace/project/FPGA/prj_sc130_V2.0_emmc/prj_sc130/prj_sc130.sdk/webtalk
# Command line: wbtcv.exe -mode batch -source sdk_webtalk.tcl
# Log file: E:/WorkSpace/project/FPGA/prj_sc130_V2.0_emmc/prj_sc130/prj_sc130.sdk/webtalk/webtalk.log
# Journal file: E:/WorkSpace/project/FPGA/prj_sc130_V2.0_emmc/prj_sc130/prj_sc130.sdk/webtalk\webtalk.jou
#-----------------------------------------------------------
source sdk_webtalk.tcl
# webtalk_init -webtalk_dir E:\\WorkSpace\\project\\FPGA\\prj_sc130_V2.0_emmc\\prj_sc130\\prj_sc130.sdk\\webtalk
# webtalk_register_client -client project
# webtalk_add_data -client project -key date_generated -value "2019-01-11 13:59:12" -context "software_version_and_target_device"
# webtalk_add_data -client project -key product_version -value "SDK v2018.1" -context "software_version_and_target_device"
# webtalk_add_data -client project -key build_version -value "2018.1" -context "software_version_and_target_device"
# webtalk_add_data -client project -key os_platform -value "amd64" -context "software_version_and_target_device"
# webtalk_add_data -client project -key registration_id -value "" -context "software_version_and_target_device"
# webtalk_add_data -client project -key tool_flow -value "SDK" -context "software_version_and_target_device"
# webtalk_add_data -client project -key beta -value "false" -context "software_version_and_target_device"
# webtalk_add_data -client project -key route_design -value "NA" -context "software_version_and_target_device"
# webtalk_add_data -client project -key target_family -value "NA" -context "software_version_and_target_device"
# webtalk_add_data -client project -key target_device -value "NA" -context "software_version_and_target_device"
# webtalk_add_data -client project -key target_package -value "NA" -context "software_version_and_target_device"
# webtalk_add_data -client project -key target_speed -value "NA" -context "software_version_and_target_device"
# webtalk_add_data -client project -key random_id -value "qie4r2h6nf3qiufcd53j1t4c15" -context "software_version_and_target_device"
# webtalk_add_data -client project -key project_id -value "2018.1_14" -context "software_version_and_target_device"
# webtalk_add_data -client project -key project_iteration -value "14" -context "software_version_and_target_device"
# webtalk_add_data -client project -key os_name -value "Microsoft Windows 8 or later , 64-bit" -context "user_environment"
# webtalk_add_data -client project -key os_release -value "major release  (build 9200)" -context "user_environment"
# webtalk_add_data -client project -key cpu_name -value "Intel(R) Core(TM) i7-7700 CPU @ 3.60GHz" -context "user_environment"
# webtalk_add_data -client project -key cpu_speed -value "3600 MHz" -context "user_environment"
# webtalk_add_data -client project -key total_processors -value "1" -context "user_environment"
# webtalk_add_data -client project -key system_ram -value "17.039 GB" -context "user_environment"
# webtalk_register_client -client sdk
# webtalk_add_data -client sdk -key uid -value "1547168860583" -context "sdk\\\\hardware/1547168860583"
# webtalk_add_data -client sdk -key isZynq -value "true" -context "sdk\\\\hardware/1547168860583"
# webtalk_add_data -client sdk -key isZynqMP -value "false" -context "sdk\\\\hardware/1547168860583"
# webtalk_add_data -client sdk -key Processors -value "2" -context "sdk\\\\hardware/1547168860583"
# webtalk_add_data -client sdk -key VivadoVersion -value "2018.1" -context "sdk\\\\hardware/1547168860583"
# webtalk_add_data -client sdk -key Arch -value "zynq" -context "sdk\\\\hardware/1547168860583"
# webtalk_add_data -client sdk -key Device -value "7z020" -context "sdk\\\\hardware/1547168860583"
# webtalk_add_data -client sdk -key IsHandoff -value "true" -context "sdk\\\\hardware/1547168860583"
# webtalk_add_data -client sdk -key os -value "NA" -context "sdk\\\\hardware/1547168860583"
# webtalk_add_data -client sdk -key apptemplate -value "NA" -context "sdk\\\\hardware/1547168860583"
# webtalk_add_data -client sdk -key RecordType -value "HWCreation" -context "sdk\\\\hardware/1547168860583"
# webtalk_add_data -client sdk -key uid -value "NA" -context "sdk\\\\bsp/1547186352627"
# webtalk_add_data -client sdk -key RecordType -value "ToolUsage" -context "sdk\\\\bsp/1547186352627"
# webtalk_add_data -client sdk -key BootgenCount -value "0" -context "sdk\\\\bsp/1547186352627"
# webtalk_add_data -client sdk -key DebugCount -value "1" -context "sdk\\\\bsp/1547186352627"
# webtalk_add_data -client sdk -key PerfCount -value "0" -context "sdk\\\\bsp/1547186352627"
# webtalk_add_data -client sdk -key FlashCount -value "0" -context "sdk\\\\bsp/1547186352627"
# webtalk_add_data -client sdk -key CrossTriggCount -value "0" -context "sdk\\\\bsp/1547186352627"
# webtalk_add_data -client sdk -key QemuDebugCount -value "0" -context "sdk\\\\bsp/1547186352627"
# webtalk_transmit -clientid 1327978439 -regid "" -xml E:\\WorkSpace\\project\\FPGA\\prj_sc130_V2.0_emmc\\prj_sc130\\prj_sc130.sdk\\webtalk\\usage_statistics_ext_sdk.xml -html E:\\WorkSpace\\project\\FPGA\\prj_sc130_V2.0_emmc\\prj_sc130\\prj_sc130.sdk\\webtalk\\usage_statistics_ext_sdk.html -wdm E:\\WorkSpace\\project\\FPGA\\prj_sc130_V2.0_emmc\\prj_sc130\\prj_sc130.sdk\\webtalk\\sdk_webtalk.wdm -intro "<H3>SDK Usage Report</H3><BR>"
# webtalk_terminate
INFO: [Common 17-206] Exiting Webtalk at Fri Jan 11 13:59:22 2019...
