Copyright 1986-2018 Xilinx, Inc. All Rights Reserved.
------------------------------------------------------------------------------------------------------------------------------------------
| Tool Version : Vivado v.2018.2 (win64) Build 2258646 Thu Jun 14 20:03:12 MDT 2018
| Date         : Fri Nov 15 15:25:31 2019
| Host         : VT2OB6D7ZB52FZ0 running 64-bit major release  (build 9200)
| Command      : report_bus_skew -warn_on_violation -file top_bus_skew_routed.rpt -pb top_bus_skew_routed.pb -rpx top_bus_skew_routed.rpx
| Design       : top
| Device       : 7z020-clg400
| Speed File   : -1  PRODUCTION 1.11 2014-09-11
------------------------------------------------------------------------------------------------------------------------------------------

Bus Skew Report

Table of Contents
-----------------
1. Bus Skew Report Summary
2. Bus Skew Report Per Constraint

1. Bus Skew Report Summary
--------------------------

Id  Position  From                            To                              Corner  Requirement(ns)  Actual(ns)  Slack(ns)
--  --------  ------------------------------  ------------------------------  ------  ---------------  ----------  ---------
1   31        [get_cells [list {data_conv_model_i/fifo_0_i/U0/inst_fifo_gen/gaxis_fifo.gaxisf.gaxis_pkt_fifo_ic.pkt_rd_stg_inst/src_gray_ff_reg[0]} \
          {data_conv_model_i/fifo_0_i/U0/inst_fifo_gen/gaxis_fifo.gaxisf.gaxis_pkt_fifo_ic.pkt_rd_stg_inst/src_gray_ff_reg[10]} \
          {data_conv_model_i/fifo_0_i/U0/inst_fifo_gen/gaxis_fifo.gaxisf.gaxis_pkt_fifo_ic.pkt_rd_stg_inst/src_gray_ff_reg[11]} \
          {data_conv_model_i/fifo_0_i/U0/inst_fifo_gen/gaxis_fifo.gaxisf.gaxis_pkt_fifo_ic.pkt_rd_stg_inst/src_gray_ff_reg[12]} \
          {data_conv_model_i/fifo_0_i/U0/inst_fifo_gen/gaxis_fifo.gaxisf.gaxis_pkt_fifo_ic.pkt_rd_stg_inst/src_gray_ff_reg[1]} \
          {data_conv_model_i/fifo_0_i/U0/inst_fifo_gen/gaxis_fifo.gaxisf.gaxis_pkt_fifo_ic.pkt_rd_stg_inst/src_gray_ff_reg[2]} \
          {data_conv_model_i/fifo_0_i/U0/inst_fifo_gen/gaxis_fifo.gaxisf.gaxis_pkt_fifo_ic.pkt_rd_stg_inst/src_gray_ff_reg[3]} \
          {data_conv_model_i/fifo_0_i/U0/inst_fifo_gen/gaxis_fifo.gaxisf.gaxis_pkt_fifo_ic.pkt_rd_stg_inst/src_gray_ff_reg[4]} \
          {data_conv_model_i/fifo_0_i/U0/inst_fifo_gen/gaxis_fifo.gaxisf.gaxis_pkt_fifo_ic.pkt_rd_stg_inst/src_gray_ff_reg[5]} \
          {data_conv_model_i/fifo_0_i/U0/inst_fifo_gen/gaxis_fifo.gaxisf.gaxis_pkt_fifo_ic.pkt_rd_stg_inst/src_gray_ff_reg[6]} \
          {data_conv_model_i/fifo_0_i/U0/inst_fifo_gen/gaxis_fifo.gaxisf.gaxis_pkt_fifo_ic.pkt_rd_stg_inst/src_gray_ff_reg[7]} \
          {data_conv_model_i/fifo_0_i/U0/inst_fifo_gen/gaxis_fifo.gaxisf.gaxis_pkt_fifo_ic.pkt_rd_stg_inst/src_gray_ff_reg[8]} \
          {data_conv_model_i/fifo_0_i/U0/inst_fifo_gen/gaxis_fifo.gaxisf.gaxis_pkt_fifo_ic.pkt_rd_stg_inst/src_gray_ff_reg[9]}]]
                                              [get_cells [list {data_conv_model_i/fifo_0_i/U0/inst_fifo_gen/gaxis_fifo.gaxisf.gaxis_pkt_fifo_ic.pkt_rd_stg_inst/dest_graysync_ff_reg[0][0]} \
          {data_conv_model_i/fifo_0_i/U0/inst_fifo_gen/gaxis_fifo.gaxisf.gaxis_pkt_fifo_ic.pkt_rd_stg_inst/dest_graysync_ff_reg[0][10]} \
          {data_conv_model_i/fifo_0_i/U0/inst_fifo_gen/gaxis_fifo.gaxisf.gaxis_pkt_fifo_ic.pkt_rd_stg_inst/dest_graysync_ff_reg[0][11]} \
          {data_conv_model_i/fifo_0_i/U0/inst_fifo_gen/gaxis_fifo.gaxisf.gaxis_pkt_fifo_ic.pkt_rd_stg_inst/dest_graysync_ff_reg[0][12]} \
          {data_conv_model_i/fifo_0_i/U0/inst_fifo_gen/gaxis_fifo.gaxisf.gaxis_pkt_fifo_ic.pkt_rd_stg_inst/dest_graysync_ff_reg[0][1]} \
          {data_conv_model_i/fifo_0_i/U0/inst_fifo_gen/gaxis_fifo.gaxisf.gaxis_pkt_fifo_ic.pkt_rd_stg_inst/dest_graysync_ff_reg[0][2]} \
          {data_conv_model_i/fifo_0_i/U0/inst_fifo_gen/gaxis_fifo.gaxisf.gaxis_pkt_fifo_ic.pkt_rd_stg_inst/dest_graysync_ff_reg[0][3]} \
          {data_conv_model_i/fifo_0_i/U0/inst_fifo_gen/gaxis_fifo.gaxisf.gaxis_pkt_fifo_ic.pkt_rd_stg_inst/dest_graysync_ff_reg[0][4]} \
          {data_conv_model_i/fifo_0_i/U0/inst_fifo_gen/gaxis_fifo.gaxisf.gaxis_pkt_fifo_ic.pkt_rd_stg_inst/dest_graysync_ff_reg[0][5]} \
          {data_conv_model_i/fifo_0_i/U0/inst_fifo_gen/gaxis_fifo.gaxisf.gaxis_pkt_fifo_ic.pkt_rd_stg_inst/dest_graysync_ff_reg[0][6]} \
          {data_conv_model_i/fifo_0_i/U0/inst_fifo_gen/gaxis_fifo.gaxisf.gaxis_pkt_fifo_ic.pkt_rd_stg_inst/dest_graysync_ff_reg[0][7]} \
          {data_conv_model_i/fifo_0_i/U0/inst_fifo_gen/gaxis_fifo.gaxisf.gaxis_pkt_fifo_ic.pkt_rd_stg_inst/dest_graysync_ff_reg[0][8]} \
          {data_conv_model_i/fifo_0_i/U0/inst_fifo_gen/gaxis_fifo.gaxisf.gaxis_pkt_fifo_ic.pkt_rd_stg_inst/dest_graysync_ff_reg[0][9]}]]
                                                                              NA               10.000          NA         NA
2   33        [get_cells [list {data_conv_model_i/fifo_0_i/U0/inst_fifo_gen/gaxis_fifo.gaxisf.axisf/grf.rf/gntv_or_sync_fifo.gcx.clkx/wr_pntr_cdc_inst/src_gray_ff_reg[0]} \
          {data_conv_model_i/fifo_0_i/U0/inst_fifo_gen/gaxis_fifo.gaxisf.axisf/grf.rf/gntv_or_sync_fifo.gcx.clkx/wr_pntr_cdc_inst/src_gray_ff_reg[10]} \
          {data_conv_model_i/fifo_0_i/U0/inst_fifo_gen/gaxis_fifo.gaxisf.axisf/grf.rf/gntv_or_sync_fifo.gcx.clkx/wr_pntr_cdc_inst/src_gray_ff_reg[11]} \
          {data_conv_model_i/fifo_0_i/U0/inst_fifo_gen/gaxis_fifo.gaxisf.axisf/grf.rf/gntv_or_sync_fifo.gcx.clkx/wr_pntr_cdc_inst/src_gray_ff_reg[12]} \
          {data_conv_model_i/fifo_0_i/U0/inst_fifo_gen/gaxis_fifo.gaxisf.axisf/grf.rf/gntv_or_sync_fifo.gcx.clkx/wr_pntr_cdc_inst/src_gray_ff_reg[1]} \
          {data_conv_model_i/fifo_0_i/U0/inst_fifo_gen/gaxis_fifo.gaxisf.axisf/grf.rf/gntv_or_sync_fifo.gcx.clkx/wr_pntr_cdc_inst/src_gray_ff_reg[2]} \
          {data_conv_model_i/fifo_0_i/U0/inst_fifo_gen/gaxis_fifo.gaxisf.axisf/grf.rf/gntv_or_sync_fifo.gcx.clkx/wr_pntr_cdc_inst/src_gray_ff_reg[3]} \
          {data_conv_model_i/fifo_0_i/U0/inst_fifo_gen/gaxis_fifo.gaxisf.axisf/grf.rf/gntv_or_sync_fifo.gcx.clkx/wr_pntr_cdc_inst/src_gray_ff_reg[4]} \
          {data_conv_model_i/fifo_0_i/U0/inst_fifo_gen/gaxis_fifo.gaxisf.axisf/grf.rf/gntv_or_sync_fifo.gcx.clkx/wr_pntr_cdc_inst/src_gray_ff_reg[5]} \
          {data_conv_model_i/fifo_0_i/U0/inst_fifo_gen/gaxis_fifo.gaxisf.axisf/grf.rf/gntv_or_sync_fifo.gcx.clkx/wr_pntr_cdc_inst/src_gray_ff_reg[6]} \
          {data_conv_model_i/fifo_0_i/U0/inst_fifo_gen/gaxis_fifo.gaxisf.axisf/grf.rf/gntv_or_sync_fifo.gcx.clkx/wr_pntr_cdc_inst/src_gray_ff_reg[7]} \
          {data_conv_model_i/fifo_0_i/U0/inst_fifo_gen/gaxis_fifo.gaxisf.axisf/grf.rf/gntv_or_sync_fifo.gcx.clkx/wr_pntr_cdc_inst/src_gray_ff_reg[8]} \
          {data_conv_model_i/fifo_0_i/U0/inst_fifo_gen/gaxis_fifo.gaxisf.axisf/grf.rf/gntv_or_sync_fifo.gcx.clkx/wr_pntr_cdc_inst/src_gray_ff_reg[9]}]]
                                              [get_cells [list {data_conv_model_i/fifo_0_i/U0/inst_fifo_gen/gaxis_fifo.gaxisf.axisf/grf.rf/gntv_or_sync_fifo.gcx.clkx/wr_pntr_cdc_inst/dest_graysync_ff_reg[0][0]} \
          {data_conv_model_i/fifo_0_i/U0/inst_fifo_gen/gaxis_fifo.gaxisf.axisf/grf.rf/gntv_or_sync_fifo.gcx.clkx/wr_pntr_cdc_inst/dest_graysync_ff_reg[0][10]} \
          {data_conv_model_i/fifo_0_i/U0/inst_fifo_gen/gaxis_fifo.gaxisf.axisf/grf.rf/gntv_or_sync_fifo.gcx.clkx/wr_pntr_cdc_inst/dest_graysync_ff_reg[0][11]} \
          {data_conv_model_i/fifo_0_i/U0/inst_fifo_gen/gaxis_fifo.gaxisf.axisf/grf.rf/gntv_or_sync_fifo.gcx.clkx/wr_pntr_cdc_inst/dest_graysync_ff_reg[0][12]} \
          {data_conv_model_i/fifo_0_i/U0/inst_fifo_gen/gaxis_fifo.gaxisf.axisf/grf.rf/gntv_or_sync_fifo.gcx.clkx/wr_pntr_cdc_inst/dest_graysync_ff_reg[0][1]} \
          {data_conv_model_i/fifo_0_i/U0/inst_fifo_gen/gaxis_fifo.gaxisf.axisf/grf.rf/gntv_or_sync_fifo.gcx.clkx/wr_pntr_cdc_inst/dest_graysync_ff_reg[0][2]} \
          {data_conv_model_i/fifo_0_i/U0/inst_fifo_gen/gaxis_fifo.gaxisf.axisf/grf.rf/gntv_or_sync_fifo.gcx.clkx/wr_pntr_cdc_inst/dest_graysync_ff_reg[0][3]} \
          {data_conv_model_i/fifo_0_i/U0/inst_fifo_gen/gaxis_fifo.gaxisf.axisf/grf.rf/gntv_or_sync_fifo.gcx.clkx/wr_pntr_cdc_inst/dest_graysync_ff_reg[0][4]} \
          {data_conv_model_i/fifo_0_i/U0/inst_fifo_gen/gaxis_fifo.gaxisf.axisf/grf.rf/gntv_or_sync_fifo.gcx.clkx/wr_pntr_cdc_inst/dest_graysync_ff_reg[0][5]} \
          {data_conv_model_i/fifo_0_i/U0/inst_fifo_gen/gaxis_fifo.gaxisf.axisf/grf.rf/gntv_or_sync_fifo.gcx.clkx/wr_pntr_cdc_inst/dest_graysync_ff_reg[0][6]} \
          {data_conv_model_i/fifo_0_i/U0/inst_fifo_gen/gaxis_fifo.gaxisf.axisf/grf.rf/gntv_or_sync_fifo.gcx.clkx/wr_pntr_cdc_inst/dest_graysync_ff_reg[0][7]} \
          {data_conv_model_i/fifo_0_i/U0/inst_fifo_gen/gaxis_fifo.gaxisf.axisf/grf.rf/gntv_or_sync_fifo.gcx.clkx/wr_pntr_cdc_inst/dest_graysync_ff_reg[0][8]} \
          {data_conv_model_i/fifo_0_i/U0/inst_fifo_gen/gaxis_fifo.gaxisf.axisf/grf.rf/gntv_or_sync_fifo.gcx.clkx/wr_pntr_cdc_inst/dest_graysync_ff_reg[0][9]}]]
                                                                              NA               10.000          NA         NA
3   35        [get_cells [list {data_conv_model_i/fifo_0_i/U0/inst_fifo_gen/gaxis_fifo.gaxisf.axisf/grf.rf/gntv_or_sync_fifo.gcx.clkx/rd_pntr_cdc_inst/src_gray_ff_reg[0]} \
          {data_conv_model_i/fifo_0_i/U0/inst_fifo_gen/gaxis_fifo.gaxisf.axisf/grf.rf/gntv_or_sync_fifo.gcx.clkx/rd_pntr_cdc_inst/src_gray_ff_reg[10]} \
          {data_conv_model_i/fifo_0_i/U0/inst_fifo_gen/gaxis_fifo.gaxisf.axisf/grf.rf/gntv_or_sync_fifo.gcx.clkx/rd_pntr_cdc_inst/src_gray_ff_reg[11]} \
          {data_conv_model_i/fifo_0_i/U0/inst_fifo_gen/gaxis_fifo.gaxisf.axisf/grf.rf/gntv_or_sync_fifo.gcx.clkx/rd_pntr_cdc_inst/src_gray_ff_reg[12]} \
          {data_conv_model_i/fifo_0_i/U0/inst_fifo_gen/gaxis_fifo.gaxisf.axisf/grf.rf/gntv_or_sync_fifo.gcx.clkx/rd_pntr_cdc_inst/src_gray_ff_reg[1]} \
          {data_conv_model_i/fifo_0_i/U0/inst_fifo_gen/gaxis_fifo.gaxisf.axisf/grf.rf/gntv_or_sync_fifo.gcx.clkx/rd_pntr_cdc_inst/src_gray_ff_reg[2]} \
          {data_conv_model_i/fifo_0_i/U0/inst_fifo_gen/gaxis_fifo.gaxisf.axisf/grf.rf/gntv_or_sync_fifo.gcx.clkx/rd_pntr_cdc_inst/src_gray_ff_reg[3]} \
          {data_conv_model_i/fifo_0_i/U0/inst_fifo_gen/gaxis_fifo.gaxisf.axisf/grf.rf/gntv_or_sync_fifo.gcx.clkx/rd_pntr_cdc_inst/src_gray_ff_reg[4]} \
          {data_conv_model_i/fifo_0_i/U0/inst_fifo_gen/gaxis_fifo.gaxisf.axisf/grf.rf/gntv_or_sync_fifo.gcx.clkx/rd_pntr_cdc_inst/src_gray_ff_reg[5]} \
          {data_conv_model_i/fifo_0_i/U0/inst_fifo_gen/gaxis_fifo.gaxisf.axisf/grf.rf/gntv_or_sync_fifo.gcx.clkx/rd_pntr_cdc_inst/src_gray_ff_reg[6]} \
          {data_conv_model_i/fifo_0_i/U0/inst_fifo_gen/gaxis_fifo.gaxisf.axisf/grf.rf/gntv_or_sync_fifo.gcx.clkx/rd_pntr_cdc_inst/src_gray_ff_reg[7]} \
          {data_conv_model_i/fifo_0_i/U0/inst_fifo_gen/gaxis_fifo.gaxisf.axisf/grf.rf/gntv_or_sync_fifo.gcx.clkx/rd_pntr_cdc_inst/src_gray_ff_reg[8]} \
          {data_conv_model_i/fifo_0_i/U0/inst_fifo_gen/gaxis_fifo.gaxisf.axisf/grf.rf/gntv_or_sync_fifo.gcx.clkx/rd_pntr_cdc_inst/src_gray_ff_reg[9]}]]
                                              [get_cells [list {data_conv_model_i/fifo_0_i/U0/inst_fifo_gen/gaxis_fifo.gaxisf.axisf/grf.rf/gntv_or_sync_fifo.gcx.clkx/rd_pntr_cdc_inst/dest_graysync_ff_reg[0][0]} \
          {data_conv_model_i/fifo_0_i/U0/inst_fifo_gen/gaxis_fifo.gaxisf.axisf/grf.rf/gntv_or_sync_fifo.gcx.clkx/rd_pntr_cdc_inst/dest_graysync_ff_reg[0][10]} \
          {data_conv_model_i/fifo_0_i/U0/inst_fifo_gen/gaxis_fifo.gaxisf.axisf/grf.rf/gntv_or_sync_fifo.gcx.clkx/rd_pntr_cdc_inst/dest_graysync_ff_reg[0][11]} \
          {data_conv_model_i/fifo_0_i/U0/inst_fifo_gen/gaxis_fifo.gaxisf.axisf/grf.rf/gntv_or_sync_fifo.gcx.clkx/rd_pntr_cdc_inst/dest_graysync_ff_reg[0][12]} \
          {data_conv_model_i/fifo_0_i/U0/inst_fifo_gen/gaxis_fifo.gaxisf.axisf/grf.rf/gntv_or_sync_fifo.gcx.clkx/rd_pntr_cdc_inst/dest_graysync_ff_reg[0][1]} \
          {data_conv_model_i/fifo_0_i/U0/inst_fifo_gen/gaxis_fifo.gaxisf.axisf/grf.rf/gntv_or_sync_fifo.gcx.clkx/rd_pntr_cdc_inst/dest_graysync_ff_reg[0][2]} \
          {data_conv_model_i/fifo_0_i/U0/inst_fifo_gen/gaxis_fifo.gaxisf.axisf/grf.rf/gntv_or_sync_fifo.gcx.clkx/rd_pntr_cdc_inst/dest_graysync_ff_reg[0][3]} \
          {data_conv_model_i/fifo_0_i/U0/inst_fifo_gen/gaxis_fifo.gaxisf.axisf/grf.rf/gntv_or_sync_fifo.gcx.clkx/rd_pntr_cdc_inst/dest_graysync_ff_reg[0][4]} \
          {data_conv_model_i/fifo_0_i/U0/inst_fifo_gen/gaxis_fifo.gaxisf.axisf/grf.rf/gntv_or_sync_fifo.gcx.clkx/rd_pntr_cdc_inst/dest_graysync_ff_reg[0][5]} \
          {data_conv_model_i/fifo_0_i/U0/inst_fifo_gen/gaxis_fifo.gaxisf.axisf/grf.rf/gntv_or_sync_fifo.gcx.clkx/rd_pntr_cdc_inst/dest_graysync_ff_reg[0][6]} \
          {data_conv_model_i/fifo_0_i/U0/inst_fifo_gen/gaxis_fifo.gaxisf.axisf/grf.rf/gntv_or_sync_fifo.gcx.clkx/rd_pntr_cdc_inst/dest_graysync_ff_reg[0][7]} \
          {data_conv_model_i/fifo_0_i/U0/inst_fifo_gen/gaxis_fifo.gaxisf.axisf/grf.rf/gntv_or_sync_fifo.gcx.clkx/rd_pntr_cdc_inst/dest_graysync_ff_reg[0][8]} \
          {data_conv_model_i/fifo_0_i/U0/inst_fifo_gen/gaxis_fifo.gaxisf.axisf/grf.rf/gntv_or_sync_fifo.gcx.clkx/rd_pntr_cdc_inst/dest_graysync_ff_reg[0][9]}]]
                                                                              NA               10.000          NA         NA


2. Bus Skew Report Per Constraint
---------------------------------

Id: 1
set_bus_skew -from [get_cells [list {data_conv_model_i/fifo_0_i/U0/inst_fifo_gen/gaxis_fifo.gaxisf.gaxis_pkt_fifo_ic.pkt_rd_stg_inst/src_gray_ff_reg[0]} \
          {data_conv_model_i/fifo_0_i/U0/inst_fifo_gen/gaxis_fifo.gaxisf.gaxis_pkt_fifo_ic.pkt_rd_stg_inst/src_gray_ff_reg[10]} \
          {data_conv_model_i/fifo_0_i/U0/inst_fifo_gen/gaxis_fifo.gaxisf.gaxis_pkt_fifo_ic.pkt_rd_stg_inst/src_gray_ff_reg[11]} \
          {data_conv_model_i/fifo_0_i/U0/inst_fifo_gen/gaxis_fifo.gaxisf.gaxis_pkt_fifo_ic.pkt_rd_stg_inst/src_gray_ff_reg[12]} \
          {data_conv_model_i/fifo_0_i/U0/inst_fifo_gen/gaxis_fifo.gaxisf.gaxis_pkt_fifo_ic.pkt_rd_stg_inst/src_gray_ff_reg[1]} \
          {data_conv_model_i/fifo_0_i/U0/inst_fifo_gen/gaxis_fifo.gaxisf.gaxis_pkt_fifo_ic.pkt_rd_stg_inst/src_gray_ff_reg[2]} \
          {data_conv_model_i/fifo_0_i/U0/inst_fifo_gen/gaxis_fifo.gaxisf.gaxis_pkt_fifo_ic.pkt_rd_stg_inst/src_gray_ff_reg[3]} \
          {data_conv_model_i/fifo_0_i/U0/inst_fifo_gen/gaxis_fifo.gaxisf.gaxis_pkt_fifo_ic.pkt_rd_stg_inst/src_gray_ff_reg[4]} \
          {data_conv_model_i/fifo_0_i/U0/inst_fifo_gen/gaxis_fifo.gaxisf.gaxis_pkt_fifo_ic.pkt_rd_stg_inst/src_gray_ff_reg[5]} \
          {data_conv_model_i/fifo_0_i/U0/inst_fifo_gen/gaxis_fifo.gaxisf.gaxis_pkt_fifo_ic.pkt_rd_stg_inst/src_gray_ff_reg[6]} \
          {data_conv_model_i/fifo_0_i/U0/inst_fifo_gen/gaxis_fifo.gaxisf.gaxis_pkt_fifo_ic.pkt_rd_stg_inst/src_gray_ff_reg[7]} \
          {data_conv_model_i/fifo_0_i/U0/inst_fifo_gen/gaxis_fifo.gaxisf.gaxis_pkt_fifo_ic.pkt_rd_stg_inst/src_gray_ff_reg[8]} \
          {data_conv_model_i/fifo_0_i/U0/inst_fifo_gen/gaxis_fifo.gaxisf.gaxis_pkt_fifo_ic.pkt_rd_stg_inst/src_gray_ff_reg[9]}]] -to [get_cells [list {data_conv_model_i/fifo_0_i/U0/inst_fifo_gen/gaxis_fifo.gaxisf.gaxis_pkt_fifo_ic.pkt_rd_stg_inst/dest_graysync_ff_reg[0][0]} \
          {data_conv_model_i/fifo_0_i/U0/inst_fifo_gen/gaxis_fifo.gaxisf.gaxis_pkt_fifo_ic.pkt_rd_stg_inst/dest_graysync_ff_reg[0][10]} \
          {data_conv_model_i/fifo_0_i/U0/inst_fifo_gen/gaxis_fifo.gaxisf.gaxis_pkt_fifo_ic.pkt_rd_stg_inst/dest_graysync_ff_reg[0][11]} \
          {data_conv_model_i/fifo_0_i/U0/inst_fifo_gen/gaxis_fifo.gaxisf.gaxis_pkt_fifo_ic.pkt_rd_stg_inst/dest_graysync_ff_reg[0][12]} \
          {data_conv_model_i/fifo_0_i/U0/inst_fifo_gen/gaxis_fifo.gaxisf.gaxis_pkt_fifo_ic.pkt_rd_stg_inst/dest_graysync_ff_reg[0][1]} \
          {data_conv_model_i/fifo_0_i/U0/inst_fifo_gen/gaxis_fifo.gaxisf.gaxis_pkt_fifo_ic.pkt_rd_stg_inst/dest_graysync_ff_reg[0][2]} \
          {data_conv_model_i/fifo_0_i/U0/inst_fifo_gen/gaxis_fifo.gaxisf.gaxis_pkt_fifo_ic.pkt_rd_stg_inst/dest_graysync_ff_reg[0][3]} \
          {data_conv_model_i/fifo_0_i/U0/inst_fifo_gen/gaxis_fifo.gaxisf.gaxis_pkt_fifo_ic.pkt_rd_stg_inst/dest_graysync_ff_reg[0][4]} \
          {data_conv_model_i/fifo_0_i/U0/inst_fifo_gen/gaxis_fifo.gaxisf.gaxis_pkt_fifo_ic.pkt_rd_stg_inst/dest_graysync_ff_reg[0][5]} \
          {data_conv_model_i/fifo_0_i/U0/inst_fifo_gen/gaxis_fifo.gaxisf.gaxis_pkt_fifo_ic.pkt_rd_stg_inst/dest_graysync_ff_reg[0][6]} \
          {data_conv_model_i/fifo_0_i/U0/inst_fifo_gen/gaxis_fifo.gaxisf.gaxis_pkt_fifo_ic.pkt_rd_stg_inst/dest_graysync_ff_reg[0][7]} \
          {data_conv_model_i/fifo_0_i/U0/inst_fifo_gen/gaxis_fifo.gaxisf.gaxis_pkt_fifo_ic.pkt_rd_stg_inst/dest_graysync_ff_reg[0][8]} \
          {data_conv_model_i/fifo_0_i/U0/inst_fifo_gen/gaxis_fifo.gaxisf.gaxis_pkt_fifo_ic.pkt_rd_stg_inst/dest_graysync_ff_reg[0][9]}]] 10.000
Requirement: 10.000ns
Endpoints: 0
No bus skew paths found.


Id: 2
set_bus_skew -from [get_cells [list {data_conv_model_i/fifo_0_i/U0/inst_fifo_gen/gaxis_fifo.gaxisf.axisf/grf.rf/gntv_or_sync_fifo.gcx.clkx/wr_pntr_cdc_inst/src_gray_ff_reg[0]} \
          {data_conv_model_i/fifo_0_i/U0/inst_fifo_gen/gaxis_fifo.gaxisf.axisf/grf.rf/gntv_or_sync_fifo.gcx.clkx/wr_pntr_cdc_inst/src_gray_ff_reg[10]} \
          {data_conv_model_i/fifo_0_i/U0/inst_fifo_gen/gaxis_fifo.gaxisf.axisf/grf.rf/gntv_or_sync_fifo.gcx.clkx/wr_pntr_cdc_inst/src_gray_ff_reg[11]} \
          {data_conv_model_i/fifo_0_i/U0/inst_fifo_gen/gaxis_fifo.gaxisf.axisf/grf.rf/gntv_or_sync_fifo.gcx.clkx/wr_pntr_cdc_inst/src_gray_ff_reg[12]} \
          {data_conv_model_i/fifo_0_i/U0/inst_fifo_gen/gaxis_fifo.gaxisf.axisf/grf.rf/gntv_or_sync_fifo.gcx.clkx/wr_pntr_cdc_inst/src_gray_ff_reg[1]} \
          {data_conv_model_i/fifo_0_i/U0/inst_fifo_gen/gaxis_fifo.gaxisf.axisf/grf.rf/gntv_or_sync_fifo.gcx.clkx/wr_pntr_cdc_inst/src_gray_ff_reg[2]} \
          {data_conv_model_i/fifo_0_i/U0/inst_fifo_gen/gaxis_fifo.gaxisf.axisf/grf.rf/gntv_or_sync_fifo.gcx.clkx/wr_pntr_cdc_inst/src_gray_ff_reg[3]} \
          {data_conv_model_i/fifo_0_i/U0/inst_fifo_gen/gaxis_fifo.gaxisf.axisf/grf.rf/gntv_or_sync_fifo.gcx.clkx/wr_pntr_cdc_inst/src_gray_ff_reg[4]} \
          {data_conv_model_i/fifo_0_i/U0/inst_fifo_gen/gaxis_fifo.gaxisf.axisf/grf.rf/gntv_or_sync_fifo.gcx.clkx/wr_pntr_cdc_inst/src_gray_ff_reg[5]} \
          {data_conv_model_i/fifo_0_i/U0/inst_fifo_gen/gaxis_fifo.gaxisf.axisf/grf.rf/gntv_or_sync_fifo.gcx.clkx/wr_pntr_cdc_inst/src_gray_ff_reg[6]} \
          {data_conv_model_i/fifo_0_i/U0/inst_fifo_gen/gaxis_fifo.gaxisf.axisf/grf.rf/gntv_or_sync_fifo.gcx.clkx/wr_pntr_cdc_inst/src_gray_ff_reg[7]} \
          {data_conv_model_i/fifo_0_i/U0/inst_fifo_gen/gaxis_fifo.gaxisf.axisf/grf.rf/gntv_or_sync_fifo.gcx.clkx/wr_pntr_cdc_inst/src_gray_ff_reg[8]} \
          {data_conv_model_i/fifo_0_i/U0/inst_fifo_gen/gaxis_fifo.gaxisf.axisf/grf.rf/gntv_or_sync_fifo.gcx.clkx/wr_pntr_cdc_inst/src_gray_ff_reg[9]}]] -to [get_cells [list {data_conv_model_i/fifo_0_i/U0/inst_fifo_gen/gaxis_fifo.gaxisf.axisf/grf.rf/gntv_or_sync_fifo.gcx.clkx/wr_pntr_cdc_inst/dest_graysync_ff_reg[0][0]} \
          {data_conv_model_i/fifo_0_i/U0/inst_fifo_gen/gaxis_fifo.gaxisf.axisf/grf.rf/gntv_or_sync_fifo.gcx.clkx/wr_pntr_cdc_inst/dest_graysync_ff_reg[0][10]} \
          {data_conv_model_i/fifo_0_i/U0/inst_fifo_gen/gaxis_fifo.gaxisf.axisf/grf.rf/gntv_or_sync_fifo.gcx.clkx/wr_pntr_cdc_inst/dest_graysync_ff_reg[0][11]} \
          {data_conv_model_i/fifo_0_i/U0/inst_fifo_gen/gaxis_fifo.gaxisf.axisf/grf.rf/gntv_or_sync_fifo.gcx.clkx/wr_pntr_cdc_inst/dest_graysync_ff_reg[0][12]} \
          {data_conv_model_i/fifo_0_i/U0/inst_fifo_gen/gaxis_fifo.gaxisf.axisf/grf.rf/gntv_or_sync_fifo.gcx.clkx/wr_pntr_cdc_inst/dest_graysync_ff_reg[0][1]} \
          {data_conv_model_i/fifo_0_i/U0/inst_fifo_gen/gaxis_fifo.gaxisf.axisf/grf.rf/gntv_or_sync_fifo.gcx.clkx/wr_pntr_cdc_inst/dest_graysync_ff_reg[0][2]} \
          {data_conv_model_i/fifo_0_i/U0/inst_fifo_gen/gaxis_fifo.gaxisf.axisf/grf.rf/gntv_or_sync_fifo.gcx.clkx/wr_pntr_cdc_inst/dest_graysync_ff_reg[0][3]} \
          {data_conv_model_i/fifo_0_i/U0/inst_fifo_gen/gaxis_fifo.gaxisf.axisf/grf.rf/gntv_or_sync_fifo.gcx.clkx/wr_pntr_cdc_inst/dest_graysync_ff_reg[0][4]} \
          {data_conv_model_i/fifo_0_i/U0/inst_fifo_gen/gaxis_fifo.gaxisf.axisf/grf.rf/gntv_or_sync_fifo.gcx.clkx/wr_pntr_cdc_inst/dest_graysync_ff_reg[0][5]} \
          {data_conv_model_i/fifo_0_i/U0/inst_fifo_gen/gaxis_fifo.gaxisf.axisf/grf.rf/gntv_or_sync_fifo.gcx.clkx/wr_pntr_cdc_inst/dest_graysync_ff_reg[0][6]} \
          {data_conv_model_i/fifo_0_i/U0/inst_fifo_gen/gaxis_fifo.gaxisf.axisf/grf.rf/gntv_or_sync_fifo.gcx.clkx/wr_pntr_cdc_inst/dest_graysync_ff_reg[0][7]} \
          {data_conv_model_i/fifo_0_i/U0/inst_fifo_gen/gaxis_fifo.gaxisf.axisf/grf.rf/gntv_or_sync_fifo.gcx.clkx/wr_pntr_cdc_inst/dest_graysync_ff_reg[0][8]} \
          {data_conv_model_i/fifo_0_i/U0/inst_fifo_gen/gaxis_fifo.gaxisf.axisf/grf.rf/gntv_or_sync_fifo.gcx.clkx/wr_pntr_cdc_inst/dest_graysync_ff_reg[0][9]}]] 10.000
Requirement: 10.000ns
Endpoints: 0
No bus skew paths found.


Id: 3
set_bus_skew -from [get_cells [list {data_conv_model_i/fifo_0_i/U0/inst_fifo_gen/gaxis_fifo.gaxisf.axisf/grf.rf/gntv_or_sync_fifo.gcx.clkx/rd_pntr_cdc_inst/src_gray_ff_reg[0]} \
          {data_conv_model_i/fifo_0_i/U0/inst_fifo_gen/gaxis_fifo.gaxisf.axisf/grf.rf/gntv_or_sync_fifo.gcx.clkx/rd_pntr_cdc_inst/src_gray_ff_reg[10]} \
          {data_conv_model_i/fifo_0_i/U0/inst_fifo_gen/gaxis_fifo.gaxisf.axisf/grf.rf/gntv_or_sync_fifo.gcx.clkx/rd_pntr_cdc_inst/src_gray_ff_reg[11]} \
          {data_conv_model_i/fifo_0_i/U0/inst_fifo_gen/gaxis_fifo.gaxisf.axisf/grf.rf/gntv_or_sync_fifo.gcx.clkx/rd_pntr_cdc_inst/src_gray_ff_reg[12]} \
          {data_conv_model_i/fifo_0_i/U0/inst_fifo_gen/gaxis_fifo.gaxisf.axisf/grf.rf/gntv_or_sync_fifo.gcx.clkx/rd_pntr_cdc_inst/src_gray_ff_reg[1]} \
          {data_conv_model_i/fifo_0_i/U0/inst_fifo_gen/gaxis_fifo.gaxisf.axisf/grf.rf/gntv_or_sync_fifo.gcx.clkx/rd_pntr_cdc_inst/src_gray_ff_reg[2]} \
          {data_conv_model_i/fifo_0_i/U0/inst_fifo_gen/gaxis_fifo.gaxisf.axisf/grf.rf/gntv_or_sync_fifo.gcx.clkx/rd_pntr_cdc_inst/src_gray_ff_reg[3]} \
          {data_conv_model_i/fifo_0_i/U0/inst_fifo_gen/gaxis_fifo.gaxisf.axisf/grf.rf/gntv_or_sync_fifo.gcx.clkx/rd_pntr_cdc_inst/src_gray_ff_reg[4]} \
          {data_conv_model_i/fifo_0_i/U0/inst_fifo_gen/gaxis_fifo.gaxisf.axisf/grf.rf/gntv_or_sync_fifo.gcx.clkx/rd_pntr_cdc_inst/src_gray_ff_reg[5]} \
          {data_conv_model_i/fifo_0_i/U0/inst_fifo_gen/gaxis_fifo.gaxisf.axisf/grf.rf/gntv_or_sync_fifo.gcx.clkx/rd_pntr_cdc_inst/src_gray_ff_reg[6]} \
          {data_conv_model_i/fifo_0_i/U0/inst_fifo_gen/gaxis_fifo.gaxisf.axisf/grf.rf/gntv_or_sync_fifo.gcx.clkx/rd_pntr_cdc_inst/src_gray_ff_reg[7]} \
          {data_conv_model_i/fifo_0_i/U0/inst_fifo_gen/gaxis_fifo.gaxisf.axisf/grf.rf/gntv_or_sync_fifo.gcx.clkx/rd_pntr_cdc_inst/src_gray_ff_reg[8]} \
          {data_conv_model_i/fifo_0_i/U0/inst_fifo_gen/gaxis_fifo.gaxisf.axisf/grf.rf/gntv_or_sync_fifo.gcx.clkx/rd_pntr_cdc_inst/src_gray_ff_reg[9]}]] -to [get_cells [list {data_conv_model_i/fifo_0_i/U0/inst_fifo_gen/gaxis_fifo.gaxisf.axisf/grf.rf/gntv_or_sync_fifo.gcx.clkx/rd_pntr_cdc_inst/dest_graysync_ff_reg[0][0]} \
          {data_conv_model_i/fifo_0_i/U0/inst_fifo_gen/gaxis_fifo.gaxisf.axisf/grf.rf/gntv_or_sync_fifo.gcx.clkx/rd_pntr_cdc_inst/dest_graysync_ff_reg[0][10]} \
          {data_conv_model_i/fifo_0_i/U0/inst_fifo_gen/gaxis_fifo.gaxisf.axisf/grf.rf/gntv_or_sync_fifo.gcx.clkx/rd_pntr_cdc_inst/dest_graysync_ff_reg[0][11]} \
          {data_conv_model_i/fifo_0_i/U0/inst_fifo_gen/gaxis_fifo.gaxisf.axisf/grf.rf/gntv_or_sync_fifo.gcx.clkx/rd_pntr_cdc_inst/dest_graysync_ff_reg[0][12]} \
          {data_conv_model_i/fifo_0_i/U0/inst_fifo_gen/gaxis_fifo.gaxisf.axisf/grf.rf/gntv_or_sync_fifo.gcx.clkx/rd_pntr_cdc_inst/dest_graysync_ff_reg[0][1]} \
          {data_conv_model_i/fifo_0_i/U0/inst_fifo_gen/gaxis_fifo.gaxisf.axisf/grf.rf/gntv_or_sync_fifo.gcx.clkx/rd_pntr_cdc_inst/dest_graysync_ff_reg[0][2]} \
          {data_conv_model_i/fifo_0_i/U0/inst_fifo_gen/gaxis_fifo.gaxisf.axisf/grf.rf/gntv_or_sync_fifo.gcx.clkx/rd_pntr_cdc_inst/dest_graysync_ff_reg[0][3]} \
          {data_conv_model_i/fifo_0_i/U0/inst_fifo_gen/gaxis_fifo.gaxisf.axisf/grf.rf/gntv_or_sync_fifo.gcx.clkx/rd_pntr_cdc_inst/dest_graysync_ff_reg[0][4]} \
          {data_conv_model_i/fifo_0_i/U0/inst_fifo_gen/gaxis_fifo.gaxisf.axisf/grf.rf/gntv_or_sync_fifo.gcx.clkx/rd_pntr_cdc_inst/dest_graysync_ff_reg[0][5]} \
          {data_conv_model_i/fifo_0_i/U0/inst_fifo_gen/gaxis_fifo.gaxisf.axisf/grf.rf/gntv_or_sync_fifo.gcx.clkx/rd_pntr_cdc_inst/dest_graysync_ff_reg[0][6]} \
          {data_conv_model_i/fifo_0_i/U0/inst_fifo_gen/gaxis_fifo.gaxisf.axisf/grf.rf/gntv_or_sync_fifo.gcx.clkx/rd_pntr_cdc_inst/dest_graysync_ff_reg[0][7]} \
          {data_conv_model_i/fifo_0_i/U0/inst_fifo_gen/gaxis_fifo.gaxisf.axisf/grf.rf/gntv_or_sync_fifo.gcx.clkx/rd_pntr_cdc_inst/dest_graysync_ff_reg[0][8]} \
          {data_conv_model_i/fifo_0_i/U0/inst_fifo_gen/gaxis_fifo.gaxisf.axisf/grf.rf/gntv_or_sync_fifo.gcx.clkx/rd_pntr_cdc_inst/dest_graysync_ff_reg[0][9]}]] 10.000
Requirement: 10.000ns
Endpoints: 0
No bus skew paths found.


